Starting EDF simulation in standard mode
1    w4   1188 1    0.625000 
2    w2   1188 1    0.625000 
3    w5   1188 1    0.625000 
4    w3   1188 1    0.625000 
5    w1   1188 1    0.625000 
6    IDLE IDLE 195  16.380000 
201  w4   1188 57   35.625000 
258  w2   1188 40   25.000000 
298  IDLE IDLE 3    0.252000 
301  w5   1188 35   21.875000 
336  IDLE IDLE 65   5.460000 
401  w4   1188 57   35.625000 
458  w2   1188 40   25.000000 
498  IDLE IDLE 3    0.252000 
501  w3   1188 100  62.500000 
601  w4   1188 57   35.625000 
658  w5   1188 3    1.875000 
661  w2   1188 40   25.000000 
701  w5   1188 32   20.000000 
733  w3   1188 4    2.500000 
737  w1   1188 53   33.125000 
790  IDLE IDLE 11   0.924000 
801  w4   1188 57   35.625000 
858  IDLE IDLE 23   1.932000 
881  w2   1188 40   25.000000 
921  w5   1188 35   21.875000 
956  IDLE IDLE 45   3.696000 
Total Energy: 434.575000
Total Idle Time: 345  (34.500000%)
Total sim time: 1000
