Starting EDF simulation in EE mode
1    w4   1188 57   35.625000 
58   w2   918  50   22.350000 
108  w5   918  45   20.115000 
153  w3   1188 48   30.000000 
201  w4   1188 57   35.625000 
258  w2   918  50   22.350000 
308  w3   1188 56   35.000000 
364  w1   918  66   29.502000 
430  w4   1188 57   35.625000 
487  w5   918  45   20.115000 
532  w2   918  50   22.350000 
582  w3   1188 19   11.875000 
601  w4   1188 57   35.625000 
658  w5   918  3    1.341000 
661  w2   918  50   22.350000 
711  w5   918  42   18.774000 
753  w3   1188 85   53.125000 
838  w4   1188 57   35.625000 
895  w1   918  66   29.502000 
961  w2   918  40   17.433000 
Total Energy: 516.874000
Total idle time: 0    (0.000000%)
Total simulation time: 1000
