Starting EDF simulation in standard mode
1    w5   1188 35   21.875000 
36   w2   1188 40   25.000000 
76   w4   1188 57   35.625000 
133  w3   1188 104  65.000000 
237  w1   1188 53   33.125000 
290  IDLE IDLE 11   0.924000 
301  w5   1188 35   21.875000 
336  w2   1188 40   25.000000 
376  IDLE IDLE 75   6.300000 
451  w4   1188 57   35.625000 
508  w3   1188 93   58.125000 
601  w5   1188 35   21.875000 
636  w3   1188 5    3.125000 
641  w2   1188 40   25.000000 
681  w3   1188 6    3.750000 
687  w1   1188 53   33.125000 
740  IDLE IDLE 161  13.524000 
901  w5   1188 35   21.875000 
936  w4   1188 25   15.625000 
961  w2   1188 40   24.375000 
Total Energy: 466.373000
Total idle time: 247  (24.700000%)
Total simulation time: 753 
