Starting RM simulation in EE mode
1    w5   918  45   20.115000 
46   w2   918  50   22.350000 
96   w4   1188 57   35.625000 
153  w3   918  134  59.898000 
287  w1   918  14   6.258000 
301  w5   918  45   20.115000 
346  w2   918  50   22.350000 
396  w1   918  52   23.244000 
448  IDLE IDLE 3    0.252000 
451  w4   1188 57   35.625000 
508  w3   918  93   41.571000 
601  w5   918  45   20.115000 
646  w2   918  50   22.350000 
696  w3   918  41   18.327000 
737  w1   918  66   29.502000 
803  IDLE IDLE 98   8.232000 
901  w5   918  45   20.115000 
946  w4   1188 15   9.375000 
961  w2   918  40   17.433000 
Total Energy: 415.419000
Total Idle Time: 101  (10.100000%)
Total sim time: 1000
