Starting RM simulation in standard mode
1    w5   1188 1    0.625000 
2    w2   1188 1    0.625000 
3    w4   1188 1    0.625000 
4    w3   1188 1    0.625000 
5    w1   1188 1    0.625000 
6    IDLE IDLE 295  24.780000 
301  w5   1188 35   21.875000 
336  w2   1188 40   25.000000 
376  IDLE IDLE 75   6.300000 
451  w4   1188 57   35.625000 
508  w3   1188 93   58.125000 
601  w5   1188 35   21.875000 
636  w3   1188 5    3.125000 
641  w2   1188 40   25.000000 
681  w3   1188 6    3.750000 
687  w1   1188 53   33.125000 
740  IDLE IDLE 161  13.524000 
901  w5   1188 35   21.875000 
936  w4   1188 25   15.625000 
961  w2   1188 40   24.375000 
Total Energy: 312.729000
Total Idle Time: 531  (53.100000%)
Total sim time: 1000
